{
  "RSpec": {
    "coverage": {
      "/Users/megangosnell/Desktop/bank_tech_test/spec/bank_account_spec.rb": {
        "lines": [
          1,
          1,
          8,
          1,
          1,
          1,
          1,
          null,
          null,
          null,
          1,
          1,
          1,
          null,
          null,
          1,
          2,
          null,
          null,
          null,
          1,
          1,
          1,
          1,
          1,
          null,
          null,
          1,
          2,
          null,
          null,
          1,
          2,
          null,
          null,
          null,
          null,
          1,
          1,
          1,
          1,
          1,
          1,
          null,
          null,
          null
        ]
      },
      "/Users/megangosnell/Desktop/bank_tech_test/lib/bank_account.rb": {
        "lines": [
          1,
          1,
          1,
          1,
          null,
          1,
          7,
          7,
          7,
          7,
          null,
          null,
          1,
          2,
          null,
          null,
          1,
          5,
          5,
          4,
          4,
          null,
          null,
          1,
          4,
          4,
          3,
          2,
          2,
          null,
          null,
          1,
          1,
          1,
          null,
          null
        ]
      },
      "/Users/megangosnell/Desktop/bank_tech_test/lib/statement.rb": {
        "lines": [
          1,
          1,
          1,
          2,
          2,
          2,
          2,
          null,
          null
        ]
      },
      "/Users/megangosnell/Desktop/bank_tech_test/spec/statement_spec.rb": {
        "lines": [
          1,
          1,
          2,
          2,
          2,
          2,
          1,
          1,
          1,
          null,
          null,
          null
        ]
      }
    },
    "timestamp": 1615557318
  }
}
